#! /usr/share/iverilog-0.9.7/bin/vvp
:ivl_version "0.9.7 " "(v0_9_6)";
:vpi_time_precision + 0;
:vpi_module "system";
:vpi_module "v2005_math";
:vpi_module "va_math";
S_0x1c1af90 .scope module, "t_stopwatch" "t_stopwatch" 2 142;
 .timescale 0 0;
v0x1c432c0_0 .net "LED_out", 6 0, v0x1c3e310_0; 1 drivers
v0x1c43340_0 .net "activate_anode", 3 0, v0x1c1ae20_0; 1 drivers
v0x1c43410_0 .var "button_rl", 0 0;
v0x1c43490_0 .var "button_ss", 0 0;
v0x1c43510_0 .var "clk", 0 0;
v0x1c43590_0 .var "load_val", 15 0;
v0x1c43610_0 .var "master_reset", 0 0;
v0x1c43720_0 .var "up_down", 0 0;
S_0x1c18a10 .scope module, "MUT" "stopwatch" 2 148, 3 157, S_0x1c1af90;
 .timescale 0 0;
P_0x1c1f018 .param/l "binary_10" 3 161, C4<1010>;
P_0x1c1f040 .param/l "binary_6" 3 162, C4<0110>;
L_0x1c44220 .functor BUFZ 1, L_0x1c44120, C4<0>, C4<0>, C4<0>;
v0x1c424b0_0 .alias "LED_out", 6 0, v0x1c432c0_0;
RS_0x7f5a21f410d8 .resolv tri, L_0x1c44370, L_0x1c44540, L_0x1c447b0, L_0x1c44a90;
v0x1c42560_0 .net8 "Q", 15 0, RS_0x7f5a21f410d8; 4 drivers
v0x1c42610_0 .alias "activate_anode", 3 0, v0x1c43340_0;
v0x1c426c0_0 .net "button_rl", 0 0, v0x1c43410_0; 1 drivers
v0x1c42770_0 .net "button_ss", 0 0, v0x1c43490_0; 1 drivers
v0x1c42840_0 .net "carry_clk0", 0 0, v0x1c3fe50_0; 1 drivers
v0x1c42910_0 .net "carry_clk1", 0 0, v0x1c3f670_0; 1 drivers
v0x1c429e0_0 .net "carry_clk2", 0 0, v0x1c3ef50_0; 1 drivers
v0x1c42b00_0 .net "carry_clk3", 0 0, v0x1c3e800_0; 1 drivers
v0x1c42b80_0 .net "clk", 0 0, v0x1c43510_0; 1 drivers
v0x1c42c00_0 .net "count_enable", 0 0, L_0x1c44220; 1 drivers
v0x1c42d10_0 .net "div_clk", 0 0, v0x1c405d0_0; 1 drivers
v0x1c42e00_0 .net "load", 0 0, L_0x1c43e30; 1 drivers
v0x1c42e80_0 .net "load_val", 15 0, v0x1c43590_0; 1 drivers
v0x1c42f80_0 .net "master_reset", 0 0, v0x1c43610_0; 1 drivers
v0x1c43000_0 .net "reset", 0 0, L_0x1c43b70; 1 drivers
v0x1c42f00_0 .net "start", 0 0, L_0x1c44120; 1 drivers
v0x1c43110_0 .net "stop", 0 0, L_0x1c44080; 1 drivers
v0x1c43080_0 .net "up_down", 0 0, v0x1c43720_0; 1 drivers
L_0x1c44280 .part v0x1c43590_0, 0, 4;
L_0x1c44370 .part/pv v0x1c3fef0_0, 0, 4, 16;
L_0x1c44460 .part v0x1c43590_0, 4, 4;
L_0x1c44540 .part/pv v0x1c3f720_0, 4, 4, 16;
L_0x1c445e0 .part v0x1c43590_0, 8, 4;
L_0x1c447b0 .part/pv v0x1c3f020_0, 8, 4, 16;
L_0x1c44950 .part v0x1c43590_0, 12, 4;
L_0x1c44a90 .part/pv v0x1c3e8c0_0, 12, 4, 16;
S_0x1c41420 .scope module, "r0" "reset_load" 3 166, 3 15, S_0x1c18a10;
 .timescale 0 0;
P_0x1c41518 .param/l "load_mid" 3 18, C4<10>;
P_0x1c41540 .param/l "load_state" 3 18, C4<11>;
P_0x1c41568 .param/l "reset_mid" 3 18, C4<01>;
P_0x1c41590 .param/l "reset_state" 3 18, C4<00>;
L_0x1c43a70 .functor OR 1, L_0x1c438e0, L_0x1c43980, C4<0>, C4<0>;
L_0x1c43e30 .functor AND 1, L_0x1c43c60, L_0x1c43d00, C4<1>, C4<1>;
v0x1c41c70_0 .net *"_s1", 0 0, L_0x1c438e0; 1 drivers
v0x1c41d30_0 .net *"_s11", 0 0, L_0x1c43d00; 1 drivers
v0x1c41dd0_0 .net *"_s3", 0 0, L_0x1c43980; 1 drivers
v0x1c41e70_0 .net *"_s4", 0 0, L_0x1c43a70; 1 drivers
v0x1c41ef0_0 .net *"_s9", 0 0, L_0x1c43c60; 1 drivers
v0x1c41f90_0 .alias "clk", 0 0, v0x1c42b80_0;
v0x1c42050_0 .alias "ip_btn", 0 0, v0x1c426c0_0;
v0x1c420d0_0 .alias "load", 0 0, v0x1c42e00_0;
v0x1c421e0_0 .alias "master_reset", 0 0, v0x1c42f80_0;
v0x1c42260_0 .alias "reset", 0 0, v0x1c43000_0;
v0x1c42340_0 .var "state", 1 0;
v0x1c423c0_0 .net "sync_ip", 0 0, L_0x1c422e0; 1 drivers
L_0x1c438e0 .part v0x1c42340_0, 0, 1;
L_0x1c43980 .part v0x1c42340_0, 1, 1;
L_0x1c43b70 .reduce/nor L_0x1c43a70;
L_0x1c43c60 .part v0x1c42340_0, 0, 1;
L_0x1c43d00 .part v0x1c42340_0, 1, 1;
S_0x1c41700 .scope module, "d0" "debounce" 3 20, 3 2, S_0x1c41420;
 .timescale 0 0;
L_0x1c422e0 .functor AND 1, v0x1c41a40_0, L_0x1c437a0, C4<1>, C4<1>;
v0x1c417f0_0 .net *"_s1", 0 0, L_0x1c437a0; 1 drivers
v0x1c41890_0 .alias "clk", 0 0, v0x1c42b80_0;
v0x1c419a0_0 .alias "ip_btn", 0 0, v0x1c426c0_0;
v0x1c41a40_0 .var "mid_state1", 0 0;
v0x1c41af0_0 .var "mid_state2", 0 0;
v0x1c41b90_0 .alias "out", 0 0, v0x1c423c0_0;
L_0x1c437a0 .reduce/nor v0x1c41af0_0;
S_0x1c40890 .scope module, "s0" "start_stop" 3 167, 3 52, S_0x1c18a10;
 .timescale 0 0;
P_0x1c40988 .param/l "start_state" 3 55, C4<1>;
P_0x1c409b0 .param/l "stop_state" 3 55, C4<0>;
L_0x1c44120 .functor BUFZ 1, v0x1c41230_0, C4<0>, C4<0>, C4<0>;
v0x1c40fb0_0 .alias "clk", 0 0, v0x1c42b80_0;
v0x1c41050_0 .alias "ip_btn", 0 0, v0x1c42770_0;
v0x1c410d0_0 .alias "master_reset", 0 0, v0x1c42f80_0;
v0x1c41180_0 .alias "start", 0 0, v0x1c42f00_0;
v0x1c41230_0 .var "state", 0 0;
v0x1c412b0_0 .alias "stop", 0 0, v0x1c43110_0;
v0x1c41370_0 .net "sync_ip", 0 0, L_0x1c43f80; 1 drivers
L_0x1c44080 .reduce/nor v0x1c41230_0;
S_0x1c40ac0 .scope module, "d1" "debounce" 3 57, 3 2, S_0x1c40890;
 .timescale 0 0;
L_0x1c43f80 .functor AND 1, v0x1c40db0_0, L_0x1c43ee0, C4<1>, C4<1>;
v0x1c40bd0_0 .net *"_s1", 0 0, L_0x1c43ee0; 1 drivers
v0x1c40c90_0 .alias "clk", 0 0, v0x1c42b80_0;
v0x1c40d10_0 .alias "ip_btn", 0 0, v0x1c42770_0;
v0x1c40db0_0 .var "mid_state1", 0 0;
v0x1c40e30_0 .var "mid_state2", 0 0;
v0x1c40ed0_0 .alias "out", 0 0, v0x1c41370_0;
E_0x1c406d0 .event posedge, v0x1c3e460_0;
L_0x1c43ee0 .reduce/nor v0x1c40e30_0;
S_0x1c40380 .scope module, "f0" "freq_divider" 3 171, 3 127, S_0x1c18a10;
 .timescale 0 0;
v0x1c404b0_0 .alias "clk", 0 0, v0x1c42b80_0;
v0x1c40550_0 .var "counter", 31 0;
v0x1c405d0_0 .var "div_clk", 0 0;
v0x1c40650_0 .var/i "n_freq", 31 0;
v0x1c40700_0 .alias "reset", 0 0, v0x1c43000_0;
v0x1c40810_0 .alias "stop", 0 0, v0x1c43110_0;
E_0x1c3f8c0 .event posedge, v0x1c3ec90_0, v0x1c3e460_0;
S_0x1c3fd20 .scope module, "counter0" "mod_n_counter" 3 173, 3 81, S_0x1c18a10;
 .timescale 0 0;
v0x1c3fe50_0 .var "C_out", 0 0;
v0x1c3fef0_0 .var "Q", 3 0;
v0x1c3ff70_0 .alias "clk", 0 0, v0x1c42d10_0;
v0x1c40010_0 .alias "count_enable", 0 0, v0x1c42c00_0;
v0x1c40090_0 .alias "load", 0 0, v0x1c42e00_0;
v0x1c40110_0 .net "load_val", 3 0, L_0x1c44280; 1 drivers
v0x1c40190_0 .net "mod_n", 3 0, C4<1010>; 1 drivers
v0x1c40230_0 .alias "reset", 0 0, v0x1c43000_0;
v0x1c40300_0 .alias "up_down", 0 0, v0x1c43080_0;
E_0x1c3f520 .event posedge, v0x1c3eab0_0, v0x1c3ec90_0, v0x1c3ff70_0;
S_0x1c3f550 .scope module, "counter1" "mod_n_counter" 3 174, 3 81, S_0x1c18a10;
 .timescale 0 0;
v0x1c3f670_0 .var "C_out", 0 0;
v0x1c3f720_0 .var "Q", 3 0;
v0x1c3f7a0_0 .alias "clk", 0 0, v0x1c42840_0;
v0x1c3f840_0 .alias "count_enable", 0 0, v0x1c42c00_0;
v0x1c3f940_0 .alias "load", 0 0, v0x1c42e00_0;
v0x1c3fa10_0 .net "load_val", 3 0, L_0x1c44460; 1 drivers
v0x1c3fa90_0 .net "mod_n", 3 0, C4<1010>; 1 drivers
v0x1c3fb30_0 .alias "reset", 0 0, v0x1c43000_0;
v0x1c3fc50_0 .alias "up_down", 0 0, v0x1c43080_0;
E_0x1c3f640 .event posedge, v0x1c3eab0_0, v0x1c3ec90_0, v0x1c3f7a0_0;
S_0x1c3ee20 .scope module, "counter2" "mod_n_counter" 3 175, 3 81, S_0x1c18a10;
 .timescale 0 0;
v0x1c3ef50_0 .var "C_out", 0 0;
v0x1c3f020_0 .var "Q", 3 0;
v0x1c3f0a0_0 .alias "clk", 0 0, v0x1c42910_0;
v0x1c3f140_0 .alias "count_enable", 0 0, v0x1c42c00_0;
v0x1c3f220_0 .alias "load", 0 0, v0x1c42e00_0;
v0x1c3f2d0_0 .net "load_val", 3 0, L_0x1c445e0; 1 drivers
v0x1c3f350_0 .net "mod_n", 3 0, C4<1010>; 1 drivers
v0x1c3f3d0_0 .alias "reset", 0 0, v0x1c43000_0;
v0x1c3f4a0_0 .alias "up_down", 0 0, v0x1c43080_0;
E_0x1c3ea80 .event posedge, v0x1c3eab0_0, v0x1c3ec90_0, v0x1c3f0a0_0;
S_0x1c3e6d0 .scope module, "counter3" "mod_n_counter" 3 176, 3 81, S_0x1c18a10;
 .timescale 0 0;
v0x1c3e800_0 .var "C_out", 0 0;
v0x1c3e8c0_0 .var "Q", 3 0;
v0x1c3e960_0 .alias "clk", 0 0, v0x1c429e0_0;
v0x1c3ea00_0 .alias "count_enable", 0 0, v0x1c42c00_0;
v0x1c3eab0_0 .alias "load", 0 0, v0x1c42e00_0;
v0x1c3eb50_0 .net "load_val", 3 0, L_0x1c44950; 1 drivers
v0x1c3ebf0_0 .net "mod_n", 3 0, C4<0110>; 1 drivers
v0x1c3ec90_0 .alias "reset", 0 0, v0x1c43000_0;
v0x1c3ed80_0 .alias "up_down", 0 0, v0x1c43080_0;
E_0x1c3e390 .event posedge, v0x1c3eab0_0, v0x1c3ec90_0, v0x1c3e960_0;
S_0x1bf2ab0 .scope module, "ssd0" "seven_segment_display" 3 178, 3 182, S_0x1c18a10;
 .timescale 0 0;
P_0x1c0fc58 .param/l "n" 3 183, C4<010011>;
v0x1c1ae20_0 .var "Anode_Activate", 3 0;
v0x1c3e1d0_0 .var "LED_BCD", 3 0;
v0x1c3e270_0 .net "LED_activating_counter", 1 0, L_0x1c44b60; 1 drivers
v0x1c3e310_0 .var "LED_out", 6 0;
v0x1c3e3c0_0 .alias "Q", 15 0, v0x1c42560_0;
v0x1c3e460_0 .alias "clk", 0 0, v0x1c42b80_0;
v0x1c3e540_0 .alias "master_reset", 0 0, v0x1c42f80_0;
v0x1c3e5e0_0 .var "refresh_counter", 19 0;
E_0x1bef800 .event edge, v0x1c3e1d0_0;
E_0x1bedd40 .event edge, v0x1c3e270_0, v0x1c3e3c0_0;
E_0x1bf1c90 .event posedge, v0x1c3e540_0, v0x1c3e460_0;
L_0x1c44b60 .part v0x1c3e5e0_0, 18, 2;
    .scope S_0x1c41700;
T_0 ;
    %wait E_0x1c406d0;
    %load/v 8, v0x1c419a0_0, 1;
    %ix/load 0, 1, 0;
    %assign/v0 v0x1c41a40_0, 0, 8;
    %load/v 8, v0x1c41a40_0, 1;
    %ix/load 0, 1, 0;
    %assign/v0 v0x1c41af0_0, 0, 8;
    %jmp T_0;
    .thread T_0;
    .scope S_0x1c41420;
T_1 ;
    %wait E_0x1bf1c90;
    %load/v 8, v0x1c421e0_0, 1;
    %jmp/0xz  T_1.0, 8;
    %ix/load 0, 2, 0;
    %assign/v0 v0x1c42340_0, 0, 0;
    %jmp T_1.1;
T_1.0 ;
    %load/v 8, v0x1c42340_0, 2;
    %cmpi/u 8, 0, 2;
    %jmp/1 T_1.2, 6;
    %cmpi/u 8, 1, 2;
    %jmp/1 T_1.3, 6;
    %cmpi/u 8, 2, 2;
    %jmp/1 T_1.4, 6;
    %cmpi/u 8, 3, 2;
    %jmp/1 T_1.5, 6;
    %ix/load 0, 2, 0;
    %assign/v0 v0x1c42340_0, 0, 0;
    %jmp T_1.7;
T_1.2 ;
    %load/v 8, v0x1c423c0_0, 1;
    %jmp/0xz  T_1.8, 8;
    %ix/load 0, 2, 0;
    %assign/v0 v0x1c42340_0, 0, 1;
    %jmp T_1.9;
T_1.8 ;
    %movi 8, 1, 2;
    %ix/load 0, 2, 0;
    %assign/v0 v0x1c42340_0, 0, 8;
T_1.9 ;
    %jmp T_1.7;
T_1.3 ;
    %load/v 8, v0x1c423c0_0, 1;
    %jmp/0xz  T_1.10, 8;
    %ix/load 0, 2, 0;
    %assign/v0 v0x1c42340_0, 0, 1;
    %jmp T_1.11;
T_1.10 ;
    %movi 8, 1, 2;
    %ix/load 0, 2, 0;
    %assign/v0 v0x1c42340_0, 0, 8;
T_1.11 ;
    %jmp T_1.7;
T_1.4 ;
    %load/v 8, v0x1c423c0_0, 1;
    %jmp/0xz  T_1.12, 8;
    %ix/load 0, 2, 0;
    %assign/v0 v0x1c42340_0, 0, 0;
    %jmp T_1.13;
T_1.12 ;
    %movi 8, 2, 2;
    %ix/load 0, 2, 0;
    %assign/v0 v0x1c42340_0, 0, 8;
T_1.13 ;
    %jmp T_1.7;
T_1.5 ;
    %load/v 8, v0x1c423c0_0, 1;
    %jmp/0xz  T_1.14, 8;
    %ix/load 0, 2, 0;
    %assign/v0 v0x1c42340_0, 0, 0;
    %jmp T_1.15;
T_1.14 ;
    %movi 8, 2, 2;
    %ix/load 0, 2, 0;
    %assign/v0 v0x1c42340_0, 0, 8;
T_1.15 ;
    %jmp T_1.7;
T_1.7 ;
T_1.1 ;
    %jmp T_1;
    .thread T_1;
    .scope S_0x1c40ac0;
T_2 ;
    %wait E_0x1c406d0;
    %load/v 8, v0x1c40d10_0, 1;
    %ix/load 0, 1, 0;
    %assign/v0 v0x1c40db0_0, 0, 8;
    %load/v 8, v0x1c40db0_0, 1;
    %ix/load 0, 1, 0;
    %assign/v0 v0x1c40e30_0, 0, 8;
    %jmp T_2;
    .thread T_2;
    .scope S_0x1c40890;
T_3 ;
    %wait E_0x1bf1c90;
    %load/v 8, v0x1c410d0_0, 1;
    %jmp/0xz  T_3.0, 8;
    %ix/load 0, 1, 0;
    %assign/v0 v0x1c41230_0, 0, 0;
    %jmp T_3.1;
T_3.0 ;
    %load/v 8, v0x1c41230_0, 1;
    %cmpi/u 8, 0, 1;
    %jmp/1 T_3.2, 6;
    %cmpi/u 8, 1, 1;
    %jmp/1 T_3.3, 6;
    %ix/load 0, 1, 0;
    %assign/v0 v0x1c41230_0, 0, 0;
    %jmp T_3.5;
T_3.2 ;
    %load/v 8, v0x1c41370_0, 1;
    %jmp/0xz  T_3.6, 8;
    %ix/load 0, 1, 0;
    %assign/v0 v0x1c41230_0, 0, 1;
    %jmp T_3.7;
T_3.6 ;
    %ix/load 0, 1, 0;
    %assign/v0 v0x1c41230_0, 0, 0;
T_3.7 ;
    %jmp T_3.5;
T_3.3 ;
    %load/v 8, v0x1c41370_0, 1;
    %jmp/0xz  T_3.8, 8;
    %ix/load 0, 1, 0;
    %assign/v0 v0x1c41230_0, 0, 0;
    %jmp T_3.9;
T_3.8 ;
    %ix/load 0, 1, 0;
    %assign/v0 v0x1c41230_0, 0, 1;
T_3.9 ;
    %jmp T_3.5;
T_3.5 ;
T_3.1 ;
    %jmp T_3;
    .thread T_3;
    .scope S_0x1c40380;
T_4 ;
    %movi 8, 500000, 32;
    %set/v v0x1c40650_0, 8, 32;
    %end;
    .thread T_4;
    .scope S_0x1c40380;
T_5 ;
    %wait E_0x1c3f8c0;
    %load/v 8, v0x1c40700_0, 1;
    %jmp/0xz  T_5.0, 8;
    %ix/load 0, 1, 0;
    %assign/v0 v0x1c405d0_0, 0, 0;
    %ix/load 0, 32, 0;
    %assign/v0 v0x1c40550_0, 0, 0;
    %jmp T_5.1;
T_5.0 ;
    %load/v 8, v0x1c40810_0, 1;
    %jmp/0xz  T_5.2, 8;
    %load/v 8, v0x1c405d0_0, 1;
    %ix/load 0, 1, 0;
    %assign/v0 v0x1c405d0_0, 0, 8;
    %load/v 8, v0x1c40550_0, 32;
    %ix/load 0, 32, 0;
    %assign/v0 v0x1c40550_0, 0, 8;
    %jmp T_5.3;
T_5.2 ;
    %load/v 8, v0x1c40550_0, 32;
    %load/v 40, v0x1c40650_0, 32;
    %cmp/u 8, 40, 32;
    %jmp/0xz  T_5.4, 4;
    %load/v 8, v0x1c405d0_0, 1;
    %inv 8, 1;
    %ix/load 0, 1, 0;
    %assign/v0 v0x1c405d0_0, 0, 8;
    %ix/load 0, 32, 0;
    %assign/v0 v0x1c40550_0, 0, 0;
    %jmp T_5.5;
T_5.4 ;
    %load/v 8, v0x1c40550_0, 32;
    %mov 40, 0, 1;
    %addi 8, 1, 33;
    %ix/load 0, 32, 0;
    %assign/v0 v0x1c40550_0, 0, 8;
    %load/v 8, v0x1c405d0_0, 1;
    %ix/load 0, 1, 0;
    %assign/v0 v0x1c405d0_0, 0, 8;
T_5.5 ;
T_5.3 ;
T_5.1 ;
    %jmp T_5;
    .thread T_5;
    .scope S_0x1c3fd20;
T_6 ;
    %wait E_0x1c3f520;
    %load/v 8, v0x1c40230_0, 1;
    %jmp/0xz  T_6.0, 8;
    %ix/load 0, 4, 0;
    %assign/v0 v0x1c3fef0_0, 0, 0;
    %ix/load 0, 1, 0;
    %assign/v0 v0x1c3fe50_0, 0, 0;
    %jmp T_6.1;
T_6.0 ;
    %load/v 8, v0x1c40090_0, 1;
    %jmp/0xz  T_6.2, 8;
    %load/v 8, v0x1c40110_0, 4;
    %ix/load 0, 4, 0;
    %assign/v0 v0x1c3fef0_0, 0, 8;
    %ix/load 0, 1, 0;
    %assign/v0 v0x1c3fe50_0, 0, 0;
    %jmp T_6.3;
T_6.2 ;
    %load/v 8, v0x1c40010_0, 1;
    %jmp/0xz  T_6.4, 8;
    %load/v 8, v0x1c40300_0, 1;
    %jmp/0xz  T_6.6, 8;
    %load/v 8, v0x1c3fef0_0, 4;
    %cmpi/u 8, 0, 4;
    %jmp/0xz  T_6.8, 4;
    %load/v 8, v0x1c40190_0, 4;
    %mov 12, 0, 28;
    %subi 8, 1, 32;
    %ix/load 0, 4, 0;
    %assign/v0 v0x1c3fef0_0, 0, 8;
    %ix/load 0, 1, 0;
    %assign/v0 v0x1c3fe50_0, 0, 1;
    %jmp T_6.9;
T_6.8 ;
    %load/v 8, v0x1c3fef0_0, 4;
    %mov 12, 0, 28;
    %subi 8, 1, 32;
    %ix/load 0, 4, 0;
    %assign/v0 v0x1c3fef0_0, 0, 8;
    %ix/load 0, 1, 0;
    %assign/v0 v0x1c3fe50_0, 0, 0;
T_6.9 ;
    %jmp T_6.7;
T_6.6 ;
    %load/v 8, v0x1c3fef0_0, 4;
    %mov 12, 0, 28;
    %load/v 40, v0x1c40190_0, 4;
    %mov 44, 0, 28;
    %subi 40, 1, 32;
    %cmp/u 8, 40, 32;
    %jmp/0xz  T_6.10, 4;
    %ix/load 0, 4, 0;
    %assign/v0 v0x1c3fef0_0, 0, 0;
    %ix/load 0, 1, 0;
    %assign/v0 v0x1c3fe50_0, 0, 1;
    %jmp T_6.11;
T_6.10 ;
    %load/v 8, v0x1c3fef0_0, 4;
    %mov 12, 0, 28;
    %addi 8, 1, 32;
    %ix/load 0, 4, 0;
    %assign/v0 v0x1c3fef0_0, 0, 8;
    %ix/load 0, 1, 0;
    %assign/v0 v0x1c3fe50_0, 0, 0;
T_6.11 ;
T_6.7 ;
    %jmp T_6.5;
T_6.4 ;
    %load/v 8, v0x1c3fef0_0, 4;
    %ix/load 0, 4, 0;
    %assign/v0 v0x1c3fef0_0, 0, 8;
    %load/v 8, v0x1c3fe50_0, 1;
    %ix/load 0, 1, 0;
    %assign/v0 v0x1c3fe50_0, 0, 8;
T_6.5 ;
T_6.3 ;
T_6.1 ;
    %jmp T_6;
    .thread T_6;
    .scope S_0x1c3f550;
T_7 ;
    %wait E_0x1c3f640;
    %load/v 8, v0x1c3fb30_0, 1;
    %jmp/0xz  T_7.0, 8;
    %ix/load 0, 4, 0;
    %assign/v0 v0x1c3f720_0, 0, 0;
    %ix/load 0, 1, 0;
    %assign/v0 v0x1c3f670_0, 0, 0;
    %jmp T_7.1;
T_7.0 ;
    %load/v 8, v0x1c3f940_0, 1;
    %jmp/0xz  T_7.2, 8;
    %load/v 8, v0x1c3fa10_0, 4;
    %ix/load 0, 4, 0;
    %assign/v0 v0x1c3f720_0, 0, 8;
    %ix/load 0, 1, 0;
    %assign/v0 v0x1c3f670_0, 0, 0;
    %jmp T_7.3;
T_7.2 ;
    %load/v 8, v0x1c3f840_0, 1;
    %jmp/0xz  T_7.4, 8;
    %load/v 8, v0x1c3fc50_0, 1;
    %jmp/0xz  T_7.6, 8;
    %load/v 8, v0x1c3f720_0, 4;
    %cmpi/u 8, 0, 4;
    %jmp/0xz  T_7.8, 4;
    %load/v 8, v0x1c3fa90_0, 4;
    %mov 12, 0, 28;
    %subi 8, 1, 32;
    %ix/load 0, 4, 0;
    %assign/v0 v0x1c3f720_0, 0, 8;
    %ix/load 0, 1, 0;
    %assign/v0 v0x1c3f670_0, 0, 1;
    %jmp T_7.9;
T_7.8 ;
    %load/v 8, v0x1c3f720_0, 4;
    %mov 12, 0, 28;
    %subi 8, 1, 32;
    %ix/load 0, 4, 0;
    %assign/v0 v0x1c3f720_0, 0, 8;
    %ix/load 0, 1, 0;
    %assign/v0 v0x1c3f670_0, 0, 0;
T_7.9 ;
    %jmp T_7.7;
T_7.6 ;
    %load/v 8, v0x1c3f720_0, 4;
    %mov 12, 0, 28;
    %load/v 40, v0x1c3fa90_0, 4;
    %mov 44, 0, 28;
    %subi 40, 1, 32;
    %cmp/u 8, 40, 32;
    %jmp/0xz  T_7.10, 4;
    %ix/load 0, 4, 0;
    %assign/v0 v0x1c3f720_0, 0, 0;
    %ix/load 0, 1, 0;
    %assign/v0 v0x1c3f670_0, 0, 1;
    %jmp T_7.11;
T_7.10 ;
    %load/v 8, v0x1c3f720_0, 4;
    %mov 12, 0, 28;
    %addi 8, 1, 32;
    %ix/load 0, 4, 0;
    %assign/v0 v0x1c3f720_0, 0, 8;
    %ix/load 0, 1, 0;
    %assign/v0 v0x1c3f670_0, 0, 0;
T_7.11 ;
T_7.7 ;
    %jmp T_7.5;
T_7.4 ;
    %load/v 8, v0x1c3f720_0, 4;
    %ix/load 0, 4, 0;
    %assign/v0 v0x1c3f720_0, 0, 8;
    %load/v 8, v0x1c3f670_0, 1;
    %ix/load 0, 1, 0;
    %assign/v0 v0x1c3f670_0, 0, 8;
T_7.5 ;
T_7.3 ;
T_7.1 ;
    %jmp T_7;
    .thread T_7;
    .scope S_0x1c3ee20;
T_8 ;
    %wait E_0x1c3ea80;
    %load/v 8, v0x1c3f3d0_0, 1;
    %jmp/0xz  T_8.0, 8;
    %ix/load 0, 4, 0;
    %assign/v0 v0x1c3f020_0, 0, 0;
    %ix/load 0, 1, 0;
    %assign/v0 v0x1c3ef50_0, 0, 0;
    %jmp T_8.1;
T_8.0 ;
    %load/v 8, v0x1c3f220_0, 1;
    %jmp/0xz  T_8.2, 8;
    %load/v 8, v0x1c3f2d0_0, 4;
    %ix/load 0, 4, 0;
    %assign/v0 v0x1c3f020_0, 0, 8;
    %ix/load 0, 1, 0;
    %assign/v0 v0x1c3ef50_0, 0, 0;
    %jmp T_8.3;
T_8.2 ;
    %load/v 8, v0x1c3f140_0, 1;
    %jmp/0xz  T_8.4, 8;
    %load/v 8, v0x1c3f4a0_0, 1;
    %jmp/0xz  T_8.6, 8;
    %load/v 8, v0x1c3f020_0, 4;
    %cmpi/u 8, 0, 4;
    %jmp/0xz  T_8.8, 4;
    %load/v 8, v0x1c3f350_0, 4;
    %mov 12, 0, 28;
    %subi 8, 1, 32;
    %ix/load 0, 4, 0;
    %assign/v0 v0x1c3f020_0, 0, 8;
    %ix/load 0, 1, 0;
    %assign/v0 v0x1c3ef50_0, 0, 1;
    %jmp T_8.9;
T_8.8 ;
    %load/v 8, v0x1c3f020_0, 4;
    %mov 12, 0, 28;
    %subi 8, 1, 32;
    %ix/load 0, 4, 0;
    %assign/v0 v0x1c3f020_0, 0, 8;
    %ix/load 0, 1, 0;
    %assign/v0 v0x1c3ef50_0, 0, 0;
T_8.9 ;
    %jmp T_8.7;
T_8.6 ;
    %load/v 8, v0x1c3f020_0, 4;
    %mov 12, 0, 28;
    %load/v 40, v0x1c3f350_0, 4;
    %mov 44, 0, 28;
    %subi 40, 1, 32;
    %cmp/u 8, 40, 32;
    %jmp/0xz  T_8.10, 4;
    %ix/load 0, 4, 0;
    %assign/v0 v0x1c3f020_0, 0, 0;
    %ix/load 0, 1, 0;
    %assign/v0 v0x1c3ef50_0, 0, 1;
    %jmp T_8.11;
T_8.10 ;
    %load/v 8, v0x1c3f020_0, 4;
    %mov 12, 0, 28;
    %addi 8, 1, 32;
    %ix/load 0, 4, 0;
    %assign/v0 v0x1c3f020_0, 0, 8;
    %ix/load 0, 1, 0;
    %assign/v0 v0x1c3ef50_0, 0, 0;
T_8.11 ;
T_8.7 ;
    %jmp T_8.5;
T_8.4 ;
    %load/v 8, v0x1c3f020_0, 4;
    %ix/load 0, 4, 0;
    %assign/v0 v0x1c3f020_0, 0, 8;
    %load/v 8, v0x1c3ef50_0, 1;
    %ix/load 0, 1, 0;
    %assign/v0 v0x1c3ef50_0, 0, 8;
T_8.5 ;
T_8.3 ;
T_8.1 ;
    %jmp T_8;
    .thread T_8;
    .scope S_0x1c3e6d0;
T_9 ;
    %wait E_0x1c3e390;
    %load/v 8, v0x1c3ec90_0, 1;
    %jmp/0xz  T_9.0, 8;
    %ix/load 0, 4, 0;
    %assign/v0 v0x1c3e8c0_0, 0, 0;
    %ix/load 0, 1, 0;
    %assign/v0 v0x1c3e800_0, 0, 0;
    %jmp T_9.1;
T_9.0 ;
    %load/v 8, v0x1c3eab0_0, 1;
    %jmp/0xz  T_9.2, 8;
    %load/v 8, v0x1c3eb50_0, 4;
    %ix/load 0, 4, 0;
    %assign/v0 v0x1c3e8c0_0, 0, 8;
    %ix/load 0, 1, 0;
    %assign/v0 v0x1c3e800_0, 0, 0;
    %jmp T_9.3;
T_9.2 ;
    %load/v 8, v0x1c3ea00_0, 1;
    %jmp/0xz  T_9.4, 8;
    %load/v 8, v0x1c3ed80_0, 1;
    %jmp/0xz  T_9.6, 8;
    %load/v 8, v0x1c3e8c0_0, 4;
    %cmpi/u 8, 0, 4;
    %jmp/0xz  T_9.8, 4;
    %load/v 8, v0x1c3ebf0_0, 4;
    %mov 12, 0, 28;
    %subi 8, 1, 32;
    %ix/load 0, 4, 0;
    %assign/v0 v0x1c3e8c0_0, 0, 8;
    %ix/load 0, 1, 0;
    %assign/v0 v0x1c3e800_0, 0, 1;
    %jmp T_9.9;
T_9.8 ;
    %load/v 8, v0x1c3e8c0_0, 4;
    %mov 12, 0, 28;
    %subi 8, 1, 32;
    %ix/load 0, 4, 0;
    %assign/v0 v0x1c3e8c0_0, 0, 8;
    %ix/load 0, 1, 0;
    %assign/v0 v0x1c3e800_0, 0, 0;
T_9.9 ;
    %jmp T_9.7;
T_9.6 ;
    %load/v 8, v0x1c3e8c0_0, 4;
    %mov 12, 0, 28;
    %load/v 40, v0x1c3ebf0_0, 4;
    %mov 44, 0, 28;
    %subi 40, 1, 32;
    %cmp/u 8, 40, 32;
    %jmp/0xz  T_9.10, 4;
    %ix/load 0, 4, 0;
    %assign/v0 v0x1c3e8c0_0, 0, 0;
    %ix/load 0, 1, 0;
    %assign/v0 v0x1c3e800_0, 0, 1;
    %jmp T_9.11;
T_9.10 ;
    %load/v 8, v0x1c3e8c0_0, 4;
    %mov 12, 0, 28;
    %addi 8, 1, 32;
    %ix/load 0, 4, 0;
    %assign/v0 v0x1c3e8c0_0, 0, 8;
    %ix/load 0, 1, 0;
    %assign/v0 v0x1c3e800_0, 0, 0;
T_9.11 ;
T_9.7 ;
    %jmp T_9.5;
T_9.4 ;
    %load/v 8, v0x1c3e8c0_0, 4;
    %ix/load 0, 4, 0;
    %assign/v0 v0x1c3e8c0_0, 0, 8;
    %load/v 8, v0x1c3e800_0, 1;
    %ix/load 0, 1, 0;
    %assign/v0 v0x1c3e800_0, 0, 8;
T_9.5 ;
T_9.3 ;
T_9.1 ;
    %jmp T_9;
    .thread T_9;
    .scope S_0x1bf2ab0;
T_10 ;
    %wait E_0x1bf1c90;
    %load/v 8, v0x1c3e540_0, 1;
    %jmp/0xz  T_10.0, 8;
    %ix/load 0, 20, 0;
    %assign/v0 v0x1c3e5e0_0, 0, 0;
    %jmp T_10.1;
T_10.0 ;
    %load/v 8, v0x1c3e5e0_0, 20;
    %mov 28, 0, 12;
    %addi 8, 1, 32;
    %ix/load 0, 20, 0;
    %assign/v0 v0x1c3e5e0_0, 0, 8;
T_10.1 ;
    %jmp T_10;
    .thread T_10;
    .scope S_0x1bf2ab0;
T_11 ;
    %wait E_0x1bedd40;
    %load/v 8, v0x1c3e270_0, 2;
    %cmpi/u 8, 0, 2;
    %jmp/1 T_11.0, 6;
    %cmpi/u 8, 1, 2;
    %jmp/1 T_11.1, 6;
    %cmpi/u 8, 2, 2;
    %jmp/1 T_11.2, 6;
    %cmpi/u 8, 3, 2;
    %jmp/1 T_11.3, 6;
    %movi 8, 7, 4;
    %set/v v0x1c1ae20_0, 8, 4;
    %load/v 8, v0x1c3e3c0_0, 4; Only need 4 of 16 bits
; Save base=8 wid=4 in lookaside.
    %set/v v0x1c3e1d0_0, 8, 4;
    %jmp T_11.5;
T_11.0 ;
    %movi 8, 7, 4;
    %set/v v0x1c1ae20_0, 8, 4;
    %load/v 8, v0x1c3e3c0_0, 4; Only need 4 of 16 bits
; Save base=8 wid=4 in lookaside.
    %set/v v0x1c3e1d0_0, 8, 4;
    %jmp T_11.5;
T_11.1 ;
    %movi 8, 11, 4;
    %set/v v0x1c1ae20_0, 8, 4;
    %ix/load 1, 4, 0;
    %mov 4, 0, 1;
    %jmp/1 T_11.6, 4;
    %load/x1p 8, v0x1c3e3c0_0, 4;
    %jmp T_11.7;
T_11.6 ;
    %mov 8, 2, 4;
T_11.7 ;
; Save base=8 wid=4 in lookaside.
    %set/v v0x1c3e1d0_0, 8, 4;
    %jmp T_11.5;
T_11.2 ;
    %movi 8, 13, 4;
    %set/v v0x1c1ae20_0, 8, 4;
    %ix/load 1, 8, 0;
    %mov 4, 0, 1;
    %jmp/1 T_11.8, 4;
    %load/x1p 8, v0x1c3e3c0_0, 4;
    %jmp T_11.9;
T_11.8 ;
    %mov 8, 2, 4;
T_11.9 ;
; Save base=8 wid=4 in lookaside.
    %set/v v0x1c3e1d0_0, 8, 4;
    %jmp T_11.5;
T_11.3 ;
    %movi 8, 14, 4;
    %set/v v0x1c1ae20_0, 8, 4;
    %ix/load 1, 12, 0;
    %mov 4, 0, 1;
    %jmp/1 T_11.10, 4;
    %load/x1p 8, v0x1c3e3c0_0, 4;
    %jmp T_11.11;
T_11.10 ;
    %mov 8, 2, 4;
T_11.11 ;
; Save base=8 wid=4 in lookaside.
    %set/v v0x1c3e1d0_0, 8, 4;
    %jmp T_11.5;
T_11.5 ;
    %jmp T_11;
    .thread T_11, $push;
    .scope S_0x1bf2ab0;
T_12 ;
    %wait E_0x1bef800;
    %load/v 8, v0x1c3e1d0_0, 4;
    %cmpi/u 8, 0, 4;
    %jmp/1 T_12.0, 6;
    %cmpi/u 8, 1, 4;
    %jmp/1 T_12.1, 6;
    %cmpi/u 8, 2, 4;
    %jmp/1 T_12.2, 6;
    %cmpi/u 8, 3, 4;
    %jmp/1 T_12.3, 6;
    %cmpi/u 8, 4, 4;
    %jmp/1 T_12.4, 6;
    %cmpi/u 8, 5, 4;
    %jmp/1 T_12.5, 6;
    %cmpi/u 8, 6, 4;
    %jmp/1 T_12.6, 6;
    %cmpi/u 8, 7, 4;
    %jmp/1 T_12.7, 6;
    %cmpi/u 8, 8, 4;
    %jmp/1 T_12.8, 6;
    %cmpi/u 8, 9, 4;
    %jmp/1 T_12.9, 6;
    %movi 8, 1, 7;
    %set/v v0x1c3e310_0, 8, 7;
    %jmp T_12.11;
T_12.0 ;
    %movi 8, 1, 7;
    %set/v v0x1c3e310_0, 8, 7;
    %jmp T_12.11;
T_12.1 ;
    %movi 8, 79, 7;
    %set/v v0x1c3e310_0, 8, 7;
    %jmp T_12.11;
T_12.2 ;
    %movi 8, 18, 7;
    %set/v v0x1c3e310_0, 8, 7;
    %jmp T_12.11;
T_12.3 ;
    %movi 8, 6, 7;
    %set/v v0x1c3e310_0, 8, 7;
    %jmp T_12.11;
T_12.4 ;
    %movi 8, 76, 7;
    %set/v v0x1c3e310_0, 8, 7;
    %jmp T_12.11;
T_12.5 ;
    %movi 8, 36, 7;
    %set/v v0x1c3e310_0, 8, 7;
    %jmp T_12.11;
T_12.6 ;
    %movi 8, 32, 7;
    %set/v v0x1c3e310_0, 8, 7;
    %jmp T_12.11;
T_12.7 ;
    %movi 8, 15, 7;
    %set/v v0x1c3e310_0, 8, 7;
    %jmp T_12.11;
T_12.8 ;
    %set/v v0x1c3e310_0, 0, 7;
    %jmp T_12.11;
T_12.9 ;
    %movi 8, 4, 7;
    %set/v v0x1c3e310_0, 8, 7;
    %jmp T_12.11;
T_12.11 ;
    %jmp T_12;
    .thread T_12, $push;
    .scope S_0x1c1af90;
T_13 ;
    %delay 1, 0;
    %load/v 8, v0x1c43510_0, 1;
    %inv 8, 1;
    %set/v v0x1c43510_0, 8, 1;
    %jmp T_13;
    .thread T_13;
    .scope S_0x1c1af90;
T_14 ;
    %vpi_call 2 154 "$dumpfile", "stopwatch.vcd";
    %vpi_call 2 155 "$dumpvars", 1'sb0, S_0x1c1af90;
    %vpi_call 2 156 "$monitor", $time, " button_ss = %b button_rl = %b up_down = %b Q = %h activate_anode = %h", v0x1c43490_0, v0x1c43410_0, v0x1c43720_0, v0x1c42560_0, v0x1c43340_0;
    %set/v v0x1c43510_0, 0, 1;
    %set/v v0x1c43610_0, 0, 1;
    %set/v v0x1c43410_0, 0, 1;
    %set/v v0x1c43490_0, 0, 1;
    %set/v v0x1c43720_0, 1, 1;
    %set/v v0x1c43590_0, 0, 16;
    %end;
    .thread T_14;
    .scope S_0x1c1af90;
T_15 ;
    %fork t_1, S_0x1c1af90;
    %fork t_2, S_0x1c1af90;
    %fork t_3, S_0x1c1af90;
    %fork t_4, S_0x1c1af90;
    %fork t_5, S_0x1c1af90;
    %fork t_6, S_0x1c1af90;
    %fork t_7, S_0x1c1af90;
    %fork t_8, S_0x1c1af90;
    %fork t_9, S_0x1c1af90;
    %fork t_10, S_0x1c1af90;
    %fork t_11, S_0x1c1af90;
    %fork t_12, S_0x1c1af90;
    %fork t_13, S_0x1c1af90;
    %fork t_14, S_0x1c1af90;
    %fork t_15, S_0x1c1af90;
    %fork t_16, S_0x1c1af90;
    %fork t_17, S_0x1c1af90;
    %fork t_18, S_0x1c1af90;
    %delay 11000, 0;
    %vpi_call 2 185 "$finish";
    %join;
    %join;
    %join;
    %join;
    %join;
    %join;
    %join;
    %join;
    %join;
    %join;
    %join;
    %join;
    %join;
    %join;
    %join;
    %join;
    %join;
    %join;
    %jmp t_0;
t_1 ;
    %delay 1, 0;
    %set/v v0x1c43610_0, 1, 1;
    %end;
t_2 ;
    %delay 4, 0;
    %set/v v0x1c43610_0, 0, 1;
    %end;
t_3 ;
    %delay 7, 0;
    %set/v v0x1c43490_0, 1, 1;
    %end;
t_4 ;
    %delay 9, 0;
    %set/v v0x1c43490_0, 0, 1;
    %end;
t_5 ;
    %delay 1132, 0;
    %set/v v0x1c43490_0, 1, 1;
    %end;
t_6 ;
    %delay 1150, 0;
    %set/v v0x1c43490_0, 0, 1;
    %end;
t_7 ;
    %delay 1300, 0;
    %set/v v0x1c43490_0, 1, 1;
    %end;
t_8 ;
    %delay 1308, 0;
    %set/v v0x1c43490_0, 0, 1;
    %end;
t_9 ;
    %delay 2500, 0;
    %movi 8, 22645, 16;
    %set/v v0x1c43590_0, 8, 16;
    %end;
t_10 ;
    %delay 8000, 0;
    %movi 8, 5479, 16;
    %set/v v0x1c43590_0, 8, 16;
    %end;
t_11 ;
    %delay 2503, 0;
    %set/v v0x1c43410_0, 1, 1;
    %end;
t_12 ;
    %delay 2510, 0;
    %set/v v0x1c43410_0, 0, 1;
    %end;
t_13 ;
    %delay 7000, 0;
    %set/v v0x1c43410_0, 1, 1;
    %end;
t_14 ;
    %delay 7008, 0;
    %set/v v0x1c43410_0, 0, 1;
    %end;
t_15 ;
    %delay 8000, 0;
    %set/v v0x1c43410_0, 1, 1;
    %end;
t_16 ;
    %delay 8100, 0;
    %set/v v0x1c43410_0, 0, 1;
    %end;
t_17 ;
    %delay 1550, 0;
    %set/v v0x1c43720_0, 0, 1;
    %end;
t_18 ;
    %delay 5000, 0;
    %set/v v0x1c43720_0, 1, 1;
    %end;
t_0 ;
    %end;
    .thread T_15;
# The file index is used to find the file name in the following table.
:file_names 4;
    "N/A";
    "<interactive>";
    "testbench.sv";
    "design.sv";
